ISim log file
Running: D:\Study\PLIS\PLIS-lw8\SevenSegs\Decoder_test_isim_beh.exe -intstyle ise -gui -tclbatch isim.cmd -wdb D:/Study/PLIS/PLIS-lw8/SevenSegs/Decoder_test_isim_beh.wdb 
ISim P.20131013 (signature 0x7708f090)
----------------------------------------------------------------------
INFO:Security:50 - The XILINXD_LICENSE_FILE environment variable is set to 'C:\Xilinx\14.7\ISE_DS'.
INFO:Security:53 - The LM_LICENSE_FILE environment variable is not set.
WARNING:Security:43 - No license file was found in the standard Xilinx license directory.
WARNING:Security:44 - Since no license file was found,
       please run the Xilinx License Configuration Manager
       (xlcm or "Manage Xilinx Licenses")
       to assist in obtaining a license.
WARNING:Security:42 - Your software subscription period has lapsed. Your current version of Xilinx tools will continue to function, but you no longer qualify for Xilinx software updates or new releases.


----------------------------------------------------------------------
This is a Full version of ISim.
Time resolution is 1 ps
# onerror resume
# wave add /
# run 1000 ns
Simulator is doing circuit initialization process.
Finished circuit initialization process.
# run 2.00us
# run 1.60us
ISim P.20131013 (signature 0x7708f090)
----------------------------------------------------------------------
INFO:Security:50 - The XILINXD_LICENSE_FILE environment variable is set to 'C:\Xilinx\14.7\ISE_DS'.
INFO:Security:53 - The LM_LICENSE_FILE environment variable is not set.
WARNING:Security:43 - No license file was found in the standard Xilinx license directory.
WARNING:Security:44 - Since no license file was found,
       please run the Xilinx License Configuration Manager
       (xlcm or "Manage Xilinx Licenses")
       to assist in obtaining a license.
WARNING:Security:42 - Your software subscription period has lapsed. Your current version of Xilinx tools will continue to function, but you no longer qualify for Xilinx software updates or new releases.


----------------------------------------------------------------------
This is a Full version of ISim.
# run 1000 ns
Simulator is doing circuit initialization process.
Finished circuit initialization process.
# run 1.60us
ISim P.20131013 (signature 0x7708f090)
----------------------------------------------------------------------
INFO:Security:50 - The XILINXD_LICENSE_FILE environment variable is set to 'C:\Xilinx\14.7\ISE_DS'.
INFO:Security:53 - The LM_LICENSE_FILE environment variable is not set.
WARNING:Security:43 - No license file was found in the standard Xilinx license directory.
WARNING:Security:44 - Since no license file was found,
       please run the Xilinx License Configuration Manager
       (xlcm or "Manage Xilinx Licenses")
       to assist in obtaining a license.
WARNING:Security:42 - Your software subscription period has lapsed. Your current version of Xilinx tools will continue to function, but you no longer qualify for Xilinx software updates or new releases.


----------------------------------------------------------------------
This is a Full version of ISim.
# run 1000 ns
Simulator is doing circuit initialization process.
Finished circuit initialization process.
# step
Stopped at time : 1100 ns : File "D:/Study/PLIS/PLIS-lw8/SevenSegs/Decoder_test.vhd" Line 91
# step
Stopped at time : 1100 ns : File "D:/Study/PLIS/PLIS-lw8/SevenSegs/Decoder_test.vhd" Line 92
# step
Stopped at time : 1100 ns : File "D:/Study/PLIS/PLIS-lw8/SevenSegs/Decoder_SevenSeg.vhd" Line 14
# step
Stopped at time : 1100 ns : File "D:/Study/PLIS/PLIS-lw8/SevenSegs/Decoder_SevenSeg.vhd" Line 28
# step
Stopped at time : 1200 ns : File "D:/Study/PLIS/PLIS-lw8/SevenSegs/Decoder_test.vhd" Line 93
# step
Stopped at time : 1200 ns : File "D:/Study/PLIS/PLIS-lw8/SevenSegs/Decoder_test.vhd" Line 94
# step
Stopped at time : 1200 ns : File "D:/Study/PLIS/PLIS-lw8/SevenSegs/Decoder_SevenSeg.vhd" Line 14
# step
Stopped at time : 1200 ns : File "D:/Study/PLIS/PLIS-lw8/SevenSegs/Decoder_SevenSeg.vhd" Line 29
# step
Stopped at time : 1300 ns : File "D:/Study/PLIS/PLIS-lw8/SevenSegs/Decoder_test.vhd" Line 95
# step
Stopped at time : 1300 ns : File "D:/Study/PLIS/PLIS-lw8/SevenSegs/Decoder_test.vhd" Line 96
# step
Stopped at time : 1300 ns : File "D:/Study/PLIS/PLIS-lw8/SevenSegs/Decoder_SevenSeg.vhd" Line 14
# step
Stopped at time : 1300 ns : File "D:/Study/PLIS/PLIS-lw8/SevenSegs/Decoder_SevenSeg.vhd" Line 30
# step
Stopped at time : 1400 ns : File "D:/Study/PLIS/PLIS-lw8/SevenSegs/Decoder_test.vhd" Line 97
# step
Stopped at time : 1400 ns : File "D:/Study/PLIS/PLIS-lw8/SevenSegs/Decoder_test.vhd" Line 98
# step
Stopped at time : 1400 ns : File "D:/Study/PLIS/PLIS-lw8/SevenSegs/Decoder_SevenSeg.vhd" Line 14
ISim P.20131013 (signature 0x7708f090)
----------------------------------------------------------------------
INFO:Security:50 - The XILINXD_LICENSE_FILE environment variable is set to 'C:\Xilinx\14.7\ISE_DS'.
INFO:Security:53 - The LM_LICENSE_FILE environment variable is not set.
WARNING:Security:43 - No license file was found in the standard Xilinx license directory.
WARNING:Security:44 - Since no license file was found,
       please run the Xilinx License Configuration Manager
       (xlcm or "Manage Xilinx Licenses")
       to assist in obtaining a license.
WARNING:Security:42 - Your software subscription period has lapsed. Your current version of Xilinx tools will continue to function, but you no longer qualify for Xilinx software updates or new releases.


----------------------------------------------------------------------
This is a Full version of ISim.
# run 1000 ns
Simulator is doing circuit initialization process.
Finished circuit initialization process.
# run 0.60us
The simulator has terminated in an unexpected manner.  Please review the ISim log (isim.log) for details.
