--------------------------------------------------------------------------------
Release 14.7 Trace  (nt64)
Copyright (c) 1995-2013 Xilinx, Inc.  All rights reserved.

C:\Xilinx\14.7\ISE_DS\ISE\bin\nt64\unwrapped\trce.exe -intstyle ise -v 3 -s 3
-n 3 -fastpaths -xml scheme.twx scheme.ncd -o scheme.twr scheme.pcf -ucf
Config.ucf

Design file:              scheme.ncd
Physical constraint file: scheme.pcf
Device,package,speed:     xc6slx16,csg324,C,-3 (PRODUCTION 1.23 2013-10-13)
Report level:             verbose report

Environment Variable      Effect 
--------------------      ------ 
NONE                      No environment variables were set
--------------------------------------------------------------------------------

INFO:Timing:2698 - No timing constraints found, doing default enumeration.
INFO:Timing:3412 - To improve timing, see the Timing Closure User Guide (UG612).
INFO:Timing:2752 - To get complete path coverage, use the unconstrained paths 
   option. All paths that are not constrained will be reported in the 
   unconstrained paths section(s) of the report.
INFO:Timing:3339 - The clock-to-out numbers in this timing report are based on 
   a 50 Ohm transmission line loading model.  For the details of this model, 
   and for more information on accounting for different loading conditions, 
   please see the device datasheet.



Data Sheet report:
-----------------
All values displayed in nanoseconds (ns)

Pad to Pad
---------------+---------------+---------+
Source Pad     |Destination Pad|  Delay  |
---------------+---------------+---------+
y<0>           |x<1>           |    7.165|
y<0>           |x<2>           |    7.247|
y<0>           |x<3>           |    6.987|
y<0>           |x<4>           |    6.718|
y<0>           |x<5>           |    6.714|
y<0>           |x<6>           |    6.762|
y<0>           |x<7>           |    6.559|
y<1>           |x<1>           |    7.485|
y<1>           |x<2>           |    7.663|
y<1>           |x<3>           |    7.616|
y<1>           |x<4>           |    7.347|
y<1>           |x<5>           |    7.034|
y<1>           |x<6>           |    7.407|
y<1>           |x<7>           |    6.975|
y<2>           |x<1>           |    7.102|
y<2>           |x<2>           |    7.785|
y<2>           |x<3>           |    7.384|
y<2>           |x<4>           |    7.115|
y<2>           |x<5>           |    6.651|
y<2>           |x<6>           |    7.156|
y<2>           |x<7>           |    7.097|
y<3>           |x<1>           |    7.482|
y<3>           |x<2>           |    7.857|
y<3>           |x<3>           |    7.654|
y<3>           |x<4>           |    7.385|
y<3>           |x<5>           |    7.031|
y<3>           |x<6>           |    7.482|
y<3>           |x<7>           |    7.169|
---------------+---------------+---------+


Analysis completed Sat Dec 13 10:31:29 2025 
--------------------------------------------------------------------------------

Trace Settings:
-------------------------
Trace Settings 

Peak Memory Usage: 4554 MB



