--------------------------------------------------------------------------------
Release 14.7 Trace  (nt64)
Copyright (c) 1995-2013 Xilinx, Inc.  All rights reserved.

C:\Xilinx\14.7\ISE_DS\ISE\bin\nt64\unwrapped\trce.exe -intstyle ise -v 3 -s 3
-n 3 -fastpaths -xml Multiplexer.twx Multiplexer.ncd -o Multiplexer.twr
Multiplexer.pcf

Design file:              Multiplexer.ncd
Physical constraint file: Multiplexer.pcf
Device,package,speed:     xc6slx16,csg324,C,-3 (PRODUCTION 1.23 2013-10-13)
Report level:             verbose report

Environment Variable      Effect 
--------------------      ------ 
NONE                      No environment variables were set
--------------------------------------------------------------------------------

INFO:Timing:2698 - No timing constraints found, doing default enumeration.
INFO:Timing:3412 - To improve timing, see the Timing Closure User Guide (UG612).
INFO:Timing:2752 - To get complete path coverage, use the unconstrained paths 
   option. All paths that are not constrained will be reported in the 
   unconstrained paths section(s) of the report.
INFO:Timing:3339 - The clock-to-out numbers in this timing report are based on 
   a 50 Ohm transmission line loading model.  For the details of this model, 
   and for more information on accounting for different loading conditions, 
   please see the device datasheet.



Data Sheet report:
-----------------
All values displayed in nanoseconds (ns)

Pad to Pad
---------------+---------------+---------+
Source Pad     |Destination Pad|  Delay  |
---------------+---------------+---------+
s<0>           |y              |    6.566|
s<1>           |y              |    6.733|
s<2>           |y              |    6.880|
s<3>           |y              |    6.896|
s<4>           |y              |    6.420|
s<5>           |y              |    7.024|
s<6>           |y              |    6.621|
s<7>           |y              |    6.795|
x<0>           |y              |    6.713|
x<1>           |y              |    6.710|
x<2>           |y              |    6.521|
---------------+---------------+---------+


Analysis completed Thu Dec 11 12:39:48 2025 
--------------------------------------------------------------------------------

Trace Settings:
-------------------------
Trace Settings 

Peak Memory Usage: 4553 MB



