--------------------------------------------------------------------------------
Release 14.7 Trace  (nt64)
Copyright (c) 1995-2013 Xilinx, Inc.  All rights reserved.

C:\Xilinx\14.7\ISE_DS\ISE\bin\nt64\unwrapped\trce.exe -intstyle ise -v 3 -s 3
-n 3 -fastpaths -xml scheme.twx scheme.ncd -o scheme.twr scheme.pcf -ucf
config.ucf

Design file:              scheme.ncd
Physical constraint file: scheme.pcf
Device,package,speed:     xc6slx16,csg324,C,-3 (PRODUCTION 1.23 2013-10-13)
Report level:             verbose report

Environment Variable      Effect 
--------------------      ------ 
NONE                      No environment variables were set
--------------------------------------------------------------------------------

INFO:Timing:2698 - No timing constraints found, doing default enumeration.
INFO:Timing:3412 - To improve timing, see the Timing Closure User Guide (UG612).
INFO:Timing:2752 - To get complete path coverage, use the unconstrained paths 
   option. All paths that are not constrained will be reported in the 
   unconstrained paths section(s) of the report.
INFO:Timing:3339 - The clock-to-out numbers in this timing report are based on 
   a 50 Ohm transmission line loading model.  For the details of this model, 
   and for more information on accounting for different loading conditions, 
   please see the device datasheet.



Data Sheet report:
-----------------
All values displayed in nanoseconds (ns)

Pad to Pad
---------------+---------------+---------+
Source Pad     |Destination Pad|  Delay  |
---------------+---------------+---------+
sw<0>          |led<0>         |    6.453|
sw<0>          |led<1>         |    6.739|
sw<0>          |led<2>         |    6.679|
sw<0>          |led<3>         |    6.742|
sw<0>          |led<4>         |    7.200|
sw<0>          |led<5>         |    7.553|
sw<0>          |led<6>         |    7.379|
sw<0>          |led<7>         |    6.948|
sw<1>          |led<0>         |    7.112|
sw<1>          |led<1>         |    7.398|
sw<1>          |led<2>         |    6.827|
sw<1>          |led<3>         |    6.890|
sw<1>          |led<4>         |    7.521|
sw<1>          |led<5>         |    7.874|
sw<1>          |led<6>         |    7.903|
sw<1>          |led<7>         |    7.472|
sw<2>          |led<0>         |    7.049|
sw<2>          |led<1>         |    7.335|
sw<2>          |led<2>         |    6.901|
sw<2>          |led<3>         |    6.964|
sw<2>          |led<4>         |    7.463|
sw<2>          |led<5>         |    7.816|
sw<2>          |led<6>         |    7.900|
sw<2>          |led<7>         |    7.469|
---------------+---------------+---------+


Analysis completed Tue Dec 09 18:47:11 2025 
--------------------------------------------------------------------------------

Trace Settings:
-------------------------
Trace Settings 

Peak Memory Usage: 4553 MB



