--------------------------------------------------------------------------------
Release 14.7 Trace  (nt64)
Copyright (c) 1995-2013 Xilinx, Inc.  All rights reserved.

C:\Xilinx\14.7\ISE_DS\ISE\bin\nt64\unwrapped\trce.exe -intstyle ise -v 3 -s 3
-n 3 -fastpaths -xml scheme.twx scheme.ncd -o scheme.twr scheme.pcf -ucf
Config.ucf

Design file:              scheme.ncd
Physical constraint file: scheme.pcf
Device,package,speed:     xc6slx16,csg324,C,-3 (PRODUCTION 1.23 2013-10-13)
Report level:             verbose report

Environment Variable      Effect 
--------------------      ------ 
NONE                      No environment variables were set
--------------------------------------------------------------------------------

INFO:Timing:2698 - No timing constraints found, doing default enumeration.
INFO:Timing:3412 - To improve timing, see the Timing Closure User Guide (UG612).
INFO:Timing:2752 - To get complete path coverage, use the unconstrained paths 
   option. All paths that are not constrained will be reported in the 
   unconstrained paths section(s) of the report.
INFO:Timing:3339 - The clock-to-out numbers in this timing report are based on 
   a 50 Ohm transmission line loading model.  For the details of this model, 
   and for more information on accounting for different loading conditions, 
   please see the device datasheet.



Data Sheet report:
-----------------
All values displayed in nanoseconds (ns)

Pad to Pad
---------------+---------------+---------+
Source Pad     |Destination Pad|  Delay  |
---------------+---------------+---------+
X<0>           |S<0>           |    7.789|
X<0>           |S<1>           |    7.906|
X<0>           |S<2>           |    7.999|
X<0>           |S<3>           |    8.053|
X<0>           |S<4>           |    7.278|
X<0>           |S<5>           |    7.515|
X<0>           |S<6>           |    6.711|
X<0>           |S<7>           |    6.786|
X<1>           |S<0>           |    7.629|
X<1>           |S<1>           |    7.746|
X<1>           |S<2>           |    7.631|
X<1>           |S<3>           |    7.685|
X<1>           |S<4>           |    7.002|
X<1>           |S<5>           |    7.239|
X<1>           |S<6>           |    6.951|
X<1>           |S<7>           |    7.026|
X<2>           |S<0>           |    7.812|
X<2>           |S<1>           |    7.929|
X<2>           |S<2>           |    7.648|
X<2>           |S<3>           |    7.702|
X<2>           |S<4>           |    7.086|
X<2>           |S<5>           |    7.323|
X<2>           |S<6>           |    7.052|
X<2>           |S<7>           |    7.127|
Y              |S<0>           |    7.738|
Y              |S<1>           |    7.855|
Y              |S<2>           |    7.937|
Y              |S<3>           |    7.991|
Y              |S<4>           |    6.698|
Y              |S<5>           |    6.935|
Y              |S<6>           |    7.026|
Y              |S<7>           |    7.101|
---------------+---------------+---------+


Analysis completed Sat Dec 13 08:42:13 2025 
--------------------------------------------------------------------------------

Trace Settings:
-------------------------
Trace Settings 

Peak Memory Usage: 4553 MB



